{
  "RSpec": {
    "coverage": {
      "/home/manuel/code/others/llms/langfuse/lib/langfuse.rb": {
        "lines": [
          1,
          1,
          null,
          null,
          1,
          1,
          1,
          1,
          1,
          1,
          1,
          null,
          null,
          1,
          null,
          null,
          1,
          null,
          null,
          1,
          null,
          1,
          1,
          1,
          null,
          1,
          51,
          null,
          null,
          1,
          28,
          null,
          null,
          null,
          1,
          14,
          null,
          null,
          1,
          5,
          null,
          null,
          1,
          3,
          null,
          null,
          1,
          2,
          null,
          null,
          1,
          1,
          null,
          null,
          1,
          0,
          null,
          null,
          1,
          2,
          null,
          null,
          1,
          24,
          null,
          null,
          1,
          0,
          null,
          null,
          null
        ]
      },
      "/home/manuel/code/others/llms/langfuse/lib/langfuse/configuration.rb": {
        "lines": [
          1,
          1,
          1,
          null,
          null,
          null,
          1,
          null,
          1,
          1,
          1,
          1,
          1,
          1,
          1,
          1,
          1,
          null,
          null,
          null
        ]
      },
      "/home/manuel/code/others/llms/langfuse/lib/langfuse/models/ingestion_event.rb": {
        "lines": [
          1,
          null,
          1,
          1,
          1,
          1,
          null,
          1,
          26,
          26,
          26,
          26,
          26,
          null,
          null,
          1,
          null,
          26,
          null,
          null,
          26,
          null,
          null,
          null,
          null,
          null,
          null
        ]
      },
      "/home/manuel/code/others/llms/langfuse/lib/langfuse/models/trace.rb": {
        "lines": [
          1,
          null,
          1,
          1,
          1,
          1,
          null,
          null,
          null,
          1,
          14,
          23,
          null,
          14,
          14,
          null,
          null,
          1,
          null,
          14,
          null,
          null,
          null,
          null,
          null,
          null,
          null,
          null,
          null,
          null,
          null,
          null,
          null,
          null,
          null,
          null,
          null
        ]
      },
      "/home/manuel/code/others/llms/langfuse/lib/langfuse/models/span.rb": {
        "lines": [
          1,
          null,
          1,
          1,
          1,
          1,
          null,
          null,
          null,
          1,
          4,
          14,
          null,
          4,
          4,
          null,
          null,
          1,
          null,
          7,
          null,
          null,
          null,
          null,
          null,
          null,
          null,
          null,
          null,
          null,
          null,
          null,
          null,
          null,
          null,
          null,
          null
        ]
      },
      "/home/manuel/code/others/llms/langfuse/lib/langfuse/models/generation.rb": {
        "lines": [
          1,
          null,
          1,
          1,
          1,
          1,
          null,
          null,
          null,
          null,
          null,
          1,
          2,
          9,
          null,
          2,
          2,
          null,
          null,
          1,
          null,
          3,
          null,
          null,
          null,
          null,
          null,
          null,
          null,
          null,
          null,
          null,
          null,
          null,
          null,
          null,
          null,
          3,
          null,
          null,
          null,
          null,
          null,
          null
        ]
      },
      "/home/manuel/code/others/llms/langfuse/lib/langfuse/models/event.rb": {
        "lines": [
          1,
          null,
          1,
          1,
          1,
          1,
          null,
          null,
          null,
          1,
          0,
          0,
          null,
          0,
          0,
          null,
          null,
          1,
          null,
          0,
          null,
          null,
          null,
          null,
          null,
          null,
          null,
          null,
          null,
          null,
          null,
          null,
          null,
          null,
          null,
          null
        ]
      },
      "/home/manuel/code/others/llms/langfuse/lib/langfuse/models/score.rb": {
        "lines": [
          1,
          null,
          1,
          1,
          1,
          1,
          null,
          null,
          1,
          2,
          7,
          null,
          2,
          null,
          null,
          1,
          null,
          2,
          null,
          null,
          null,
          null,
          null,
          null,
          null,
          null,
          null,
          null,
          null,
          null,
          null
        ]
      },
      "/home/manuel/code/others/llms/langfuse/lib/langfuse/models/usage.rb": {
        "lines": [
          1,
          1,
          1,
          1,
          null,
          null,
          null,
          1,
          0,
          0,
          null,
          null,
          null,
          1,
          null,
          0,
          null,
          null,
          null,
          null,
          null,
          null,
          null,
          null,
          null,
          null,
          null,
          null,
          null,
          null
        ]
      },
      "/home/manuel/code/others/llms/langfuse/lib/langfuse/api_client.rb": {
        "lines": [
          1,
          1,
          1,
          1,
          null,
          1,
          1,
          1,
          null,
          1,
          22,
          null,
          null,
          1,
          22,
          null,
          null,
          22,
          22,
          null,
          null,
          22,
          null,
          22,
          22,
          null,
          22,
          null,
          null,
          22,
          null,
          null,
          null,
          null,
          22,
          22,
          22,
          null,
          22,
          22,
          22,
          null,
          22,
          22,
          null,
          null,
          22,
          null,
          22,
          22,
          22,
          0,
          0,
          0,
          null,
          0,
          0,
          0,
          0,
          null,
          0,
          0,
          null,
          null,
          22,
          null,
          0,
          0,
          null,
          null,
          1,
          null,
          1,
          154,
          null,
          154,
          154,
          null,
          null,
          null
        ]
      },
      "/home/manuel/code/others/llms/langfuse/lib/langfuse/batch_worker.rb": {
        "lines": [
          1,
          1,
          null,
          null,
          null,
          null,
          null,
          null,
          1,
          null,
          22,
          null,
          null,
          1,
          22,
          null,
          null,
          null,
          null,
          1,
          0,
          0,
          null,
          0,
          null,
          null,
          0,
          0,
          null,
          null,
          0,
          0,
          null,
          null,
          0,
          null,
          null,
          0,
          0,
          0,
          null,
          null,
          0,
          0,
          null,
          null,
          null,
          null,
          null,
          0,
          0,
          null,
          null,
          0,
          null,
          null,
          0,
          null,
          null,
          null,
          0,
          null,
          0,
          null,
          0,
          null,
          null,
          0,
          null,
          0,
          0,
          null,
          null,
          null,
          null,
          null,
          null,
          null,
          null,
          null
        ]
      },
      "/home/manuel/code/others/llms/langfuse/lib/langfuse/client.rb": {
        "lines": [
          1,
          1,
          1,
          null,
          1,
          1,
          1,
          null,
          1,
          1,
          1,
          1,
          null,
          null,
          1,
          null,
          null,
          1,
          null,
          2,
          null,
          null,
          null,
          1,
          14,
          14,
          null,
          null,
          null,
          14,
          14,
          null,
          null,
          null,
          1,
          5,
          null,
          4,
          4,
          null,
          null,
          null,
          4,
          4,
          null,
          null,
          null,
          1,
          3,
          null,
          3,
          null,
          null,
          null,
          3,
          3,
          null,
          null,
          null,
          1,
          2,
          null,
          2,
          2,
          null,
          null,
          null,
          2,
          2,
          null,
          null,
          null,
          1,
          1,
          0,
          null,
          null,
          1,
          null,
          null,
          null,
          1,
          1,
          null,
          null,
          null,
          1,
          0,
          null,
          0,
          0,
          null,
          null,
          null,
          0,
          0,
          null,
          null,
          null,
          1,
          2,
          null,
          2,
          2,
          null,
          null,
          null,
          2,
          2,
          null,
          null,
          null,
          1,
          43,
          null,
          null,
          43,
          43,
          43,
          null,
          null,
          43,
          null,
          null,
          23,
          null,
          23,
          null,
          null,
          23,
          null,
          null,
          null,
          1,
          1,
          null,
          null,
          1,
          null,
          null,
          1,
          null,
          1,
          null,
          null,
          1,
          null,
          1,
          26,
          null,
          null,
          26,
          null,
          null,
          1,
          0,
          null,
          0,
          0,
          0,
          0,
          null,
          0,
          0,
          null,
          null,
          null,
          null,
          1,
          25,
          null,
          25,
          25,
          null,
          null,
          null
        ]
      },
      "/home/manuel/code/others/llms/langfuse/lib/langfuse_helper.rb": {
        "lines": [
          1,
          null,
          1,
          null,
          1,
          null,
          0,
          null,
          null,
          null,
          null,
          null,
          null,
          null,
          0,
          null,
          null,
          null,
          1,
          null,
          1,
          null,
          null,
          null,
          null,
          null,
          null,
          null,
          null,
          null,
          1,
          1,
          1,
          null,
          null,
          null,
          1,
          0,
          null,
          null,
          1,
          1,
          null,
          null,
          1,
          1,
          null,
          null,
          1,
          null,
          null,
          1,
          1,
          1,
          1,
          1,
          null,
          null,
          null,
          1,
          null,
          null,
          null,
          null,
          1,
          null,
          4,
          null,
          null,
          null,
          null,
          null,
          4,
          4,
          null,
          null,
          null,
          4,
          3,
          null,
          null,
          1,
          1,
          null,
          null,
          4,
          3,
          null,
          null,
          3,
          null,
          null,
          null,
          null,
          null,
          null,
          4,
          null,
          null,
          null,
          null,
          1,
          2,
          null,
          null,
          null,
          null,
          null,
          2,
          2,
          null,
          null,
          null,
          null,
          1,
          null,
          4,
          4,
          null,
          4,
          null,
          3,
          null,
          null,
          null,
          null,
          null,
          null,
          null,
          3,
          null,
          6,
          null,
          null,
          null,
          null,
          1,
          1,
          null,
          null,
          null,
          null,
          null,
          null,
          null,
          1,
          null,
          1,
          3,
          3,
          3,
          null,
          null,
          null,
          3,
          3,
          null,
          null,
          0,
          0,
          null,
          null,
          3,
          3,
          null,
          3,
          0,
          0,
          0,
          0,
          null,
          null,
          3,
          null,
          null,
          null
        ]
      },
      "/home/manuel/code/others/llms/langfuse/lib/langfuse_context.rb": {
        "lines": [
          1,
          1,
          49,
          null,
          null,
          1,
          18,
          null,
          null,
          1,
          10,
          null,
          null,
          1,
          10,
          null,
          10,
          10,
          null,
          10,
          null,
          null,
          null,
          1,
          5,
          null,
          5,
          5,
          null,
          5,
          null,
          null,
          null
        ]
      }
    },
    "timestamp": 1743101922
  }
}
