{
  "RSpec": {
    "coverage": {
      "/home/manuel/code/others/llms/langfuse/lib/langfuse.rb": {
        "lines": [
          1,
          1,
          null,
          null,
          1,
          1,
          1,
          1,
          1,
          1,
          1,
          null,
          null,
          1,
          null,
          null,
          1,
          null,
          null,
          1,
          null,
          1,
          1,
          1,
          null,
          1,
          30,
          null,
          null,
          1,
          10,
          null,
          null,
          null,
          1,
          9,
          null,
          null,
          1,
          3,
          null,
          null,
          1,
          3,
          null,
          null,
          1,
          2,
          null,
          null,
          1,
          2,
          null,
          null,
          1,
          0,
          null,
          null,
          1,
          0,
          null,
          null,
          1,
          8,
          null,
          null,
          1,
          0,
          null,
          null,
          null
        ]
      },
      "/home/manuel/code/others/llms/langfuse/lib/langfuse/configuration.rb": {
        "lines": [
          1,
          1,
          1,
          null,
          null,
          null,
          1,
          null,
          1,
          1,
          1,
          1,
          1,
          1,
          1,
          1,
          1,
          null,
          null,
          null
        ]
      },
      "/home/manuel/code/others/llms/langfuse/lib/langfuse/models/ingestion_event.rb": {
        "lines": [
          1,
          null,
          1,
          1,
          1,
          1,
          null,
          1,
          19,
          19,
          19,
          19,
          19,
          null,
          null,
          1,
          null,
          19,
          null,
          null,
          19,
          null,
          null,
          null,
          null,
          null,
          null
        ]
      },
      "/home/manuel/code/others/llms/langfuse/lib/langfuse/models/trace.rb": {
        "lines": [
          1,
          null,
          1,
          1,
          1,
          1,
          null,
          null,
          null,
          1,
          9,
          18,
          null,
          9,
          9,
          null,
          null,
          1,
          null,
          9,
          null,
          null,
          null,
          null,
          null,
          null,
          null,
          null,
          null,
          null,
          null,
          null,
          null,
          null,
          null,
          null,
          null
        ]
      },
      "/home/manuel/code/others/llms/langfuse/lib/langfuse/models/span.rb": {
        "lines": [
          1,
          null,
          1,
          1,
          1,
          1,
          null,
          null,
          null,
          1,
          3,
          12,
          null,
          3,
          3,
          null,
          null,
          1,
          null,
          6,
          null,
          null,
          null,
          null,
          null,
          null,
          null,
          null,
          null,
          null,
          null,
          null,
          null,
          null,
          null,
          null,
          null
        ]
      },
      "/home/manuel/code/others/llms/langfuse/lib/langfuse/models/generation.rb": {
        "lines": [
          1,
          null,
          1,
          1,
          1,
          1,
          null,
          null,
          null,
          null,
          null,
          1,
          2,
          12,
          null,
          2,
          2,
          null,
          null,
          1,
          null,
          4,
          null,
          null,
          null,
          null,
          null,
          null,
          null,
          null,
          null,
          null,
          null,
          null,
          null,
          null,
          null,
          4,
          null,
          null,
          null,
          null,
          null,
          null
        ]
      },
      "/home/manuel/code/others/llms/langfuse/lib/langfuse/models/event.rb": {
        "lines": [
          1,
          null,
          1,
          1,
          1,
          1,
          null,
          null,
          null,
          1,
          0,
          0,
          null,
          0,
          0,
          null,
          null,
          1,
          null,
          0,
          null,
          null,
          null,
          null,
          null,
          null,
          null,
          null,
          null,
          null,
          null,
          null,
          null,
          null,
          null,
          null
        ]
      },
      "/home/manuel/code/others/llms/langfuse/lib/langfuse/models/score.rb": {
        "lines": [
          1,
          null,
          1,
          1,
          1,
          1,
          null,
          null,
          1,
          0,
          0,
          null,
          0,
          null,
          null,
          1,
          null,
          0,
          null,
          null,
          null,
          null,
          null,
          null,
          null,
          null,
          null,
          null,
          null,
          null,
          null
        ]
      },
      "/home/manuel/code/others/llms/langfuse/lib/langfuse/models/usage.rb": {
        "lines": [
          1,
          1,
          1,
          1,
          null,
          null,
          null,
          1,
          0,
          0,
          null,
          null,
          null,
          1,
          null,
          0,
          null,
          null,
          null,
          null,
          null,
          null,
          null,
          null,
          null,
          null,
          null,
          null,
          null,
          null
        ]
      },
      "/home/manuel/code/others/llms/langfuse/lib/langfuse/api_client.rb": {
        "lines": [
          1,
          1,
          1,
          1,
          null,
          1,
          1,
          1,
          null,
          1,
          19,
          null,
          null,
          1,
          19,
          null,
          null,
          19,
          19,
          null,
          null,
          19,
          null,
          19,
          19,
          null,
          19,
          null,
          null,
          19,
          null,
          null,
          null,
          null,
          19,
          19,
          19,
          null,
          19,
          19,
          19,
          null,
          19,
          19,
          null,
          null,
          19,
          null,
          19,
          19,
          19,
          0,
          0,
          0,
          null,
          0,
          0,
          0,
          0,
          null,
          0,
          0,
          null,
          null,
          19,
          null,
          0,
          0,
          null,
          null,
          1,
          null,
          1,
          133,
          null,
          133,
          133,
          null,
          null,
          null
        ]
      },
      "/home/manuel/code/others/llms/langfuse/lib/langfuse/batch_worker.rb": {
        "lines": [
          1,
          1,
          null,
          null,
          null,
          null,
          null,
          null,
          1,
          null,
          19,
          null,
          null,
          1,
          19,
          null,
          null,
          null,
          null,
          1,
          0,
          0,
          null,
          0,
          null,
          null,
          0,
          0,
          null,
          null,
          0,
          0,
          null,
          null,
          0,
          null,
          null,
          0,
          0,
          0,
          null,
          null,
          0,
          0,
          null,
          null,
          null,
          null,
          null,
          0,
          0,
          null,
          null,
          0,
          null,
          null,
          0,
          null,
          null,
          null,
          0,
          null,
          0,
          null,
          0,
          null,
          null,
          0,
          null,
          0,
          0,
          null,
          null,
          null,
          null,
          null,
          null,
          null,
          null,
          null
        ]
      },
      "/home/manuel/code/others/llms/langfuse/lib/langfuse/client.rb": {
        "lines": [
          1,
          1,
          1,
          null,
          1,
          1,
          1,
          null,
          1,
          1,
          1,
          1,
          null,
          null,
          1,
          null,
          null,
          1,
          null,
          2,
          null,
          null,
          null,
          1,
          9,
          9,
          null,
          null,
          null,
          9,
          9,
          null,
          null,
          null,
          1,
          3,
          null,
          3,
          3,
          null,
          null,
          null,
          3,
          3,
          null,
          null,
          null,
          1,
          3,
          null,
          3,
          null,
          null,
          null,
          3,
          3,
          null,
          null,
          null,
          1,
          2,
          null,
          2,
          2,
          null,
          null,
          null,
          2,
          2,
          null,
          null,
          null,
          1,
          2,
          0,
          null,
          null,
          2,
          null,
          null,
          null,
          2,
          2,
          null,
          null,
          null,
          1,
          0,
          null,
          0,
          0,
          null,
          null,
          null,
          0,
          0,
          null,
          null,
          null,
          1,
          0,
          null,
          0,
          0,
          null,
          null,
          null,
          0,
          0,
          null,
          null,
          null,
          1,
          28,
          null,
          null,
          28,
          28,
          28,
          null,
          null,
          28,
          null,
          null,
          19,
          null,
          19,
          null,
          null,
          19,
          null,
          null,
          null,
          1,
          1,
          null,
          null,
          1,
          null,
          null,
          1,
          null,
          1,
          null,
          null,
          1,
          null,
          1,
          19,
          null,
          null,
          19,
          null,
          null,
          1,
          0,
          null,
          0,
          0,
          0,
          0,
          null,
          0,
          0,
          null,
          null,
          null,
          null,
          1,
          21,
          null,
          21,
          21,
          null,
          null,
          null
        ]
      },
      "/home/manuel/code/others/llms/langfuse/lib/langfuse_helper.rb": {
        "lines": [
          1,
          null,
          1,
          null,
          1,
          null,
          0,
          null,
          null,
          null,
          null,
          null,
          null,
          null,
          0,
          null,
          null,
          null,
          1,
          null,
          2,
          null,
          null,
          null,
          null,
          null,
          null,
          null,
          null,
          null,
          2,
          2,
          2,
          null,
          null,
          null,
          2,
          1,
          null,
          null,
          1,
          1,
          null,
          null,
          2,
          null,
          null,
          2,
          null,
          null,
          2,
          1,
          1,
          1,
          1,
          null,
          null,
          null,
          2,
          null,
          null,
          null,
          null,
          1,
          null,
          4,
          null,
          null,
          null,
          null,
          null,
          4,
          4,
          null,
          null,
          null,
          4,
          3,
          null,
          null,
          1,
          1,
          null,
          null,
          4,
          3,
          null,
          null,
          3,
          null,
          null,
          null,
          null,
          null,
          null,
          4,
          null,
          null,
          null,
          null,
          1,
          2,
          null,
          null,
          null,
          null,
          null,
          2,
          2,
          null,
          null,
          null,
          null,
          1,
          null,
          4,
          4,
          null,
          4,
          null,
          3,
          null,
          null,
          null,
          null,
          null,
          null,
          null,
          3,
          null,
          6,
          null,
          null,
          null,
          null,
          1,
          1,
          null,
          null,
          null,
          null,
          null,
          null,
          null,
          1,
          null,
          1,
          3,
          3,
          3,
          null,
          null,
          null,
          3,
          3,
          null,
          null,
          0,
          0,
          null,
          null,
          3,
          3,
          null,
          3,
          0,
          0,
          0,
          0,
          null,
          null,
          3,
          null,
          null,
          null
        ]
      },
      "/home/manuel/code/others/llms/langfuse/lib/langfuse_context.rb": {
        "lines": [
          1,
          1,
          21,
          null,
          null,
          1,
          7,
          null,
          null,
          1,
          6,
          null,
          null,
          1,
          2,
          null,
          2,
          2,
          null,
          2,
          null,
          null,
          null,
          1,
          3,
          null,
          3,
          3,
          null,
          3,
          null,
          null,
          null
        ]
      }
    },
    "timestamp": 1743100236
  }
}
